<?xml version="1.0" encoding="UTF-8"?>
<coverage generated="1564627938047" clover="3.2.0">
  <project timestamp="1564627938047" name="All files">
    <metrics statements="85" coveredstatements="73" conditionals="28" coveredconditionals="22" methods="18" coveredmethods="16" elements="131" coveredelements="111" complexity="0" loc="85" ncloc="85" packages="1" files="2" classes="2"/>
    <file name="data.js" path="/Users/kate/Desktop/Turing/Mod32/server-sophia/data.js">
      <metrics statements="3" coveredstatements="3" conditionals="0" coveredconditionals="0" methods="0" coveredmethods="0"/>
      <line num="1" count="1" type="stmt"/>
      <line num="3" count="1" type="stmt"/>
      <line num="5" count="1" type="stmt"/>
    </file>
    <file name="server.js" path="/Users/kate/Desktop/Turing/Mod32/server-sophia/server.js">
      <metrics statements="82" coveredstatements="70" conditionals="28" coveredconditionals="22" methods="18" coveredmethods="16"/>
      <line num="1" count="1" type="stmt"/>
      <line num="2" count="1" type="stmt"/>
      <line num="3" count="1" type="stmt"/>
      <line num="4" count="1" type="stmt"/>
      <line num="5" count="1" type="stmt"/>
      <line num="7" count="1" type="stmt"/>
      <line num="8" count="1" type="stmt"/>
      <line num="9" count="1" type="stmt"/>
      <line num="10" count="1" type="stmt"/>
      <line num="11" count="1" type="stmt"/>
      <line num="19" count="1" type="stmt"/>
      <line num="20" count="2" type="stmt"/>
      <line num="24" count="1" type="stmt"/>
      <line num="27" count="4" type="stmt"/>
      <line num="28" count="6" type="stmt"/>
      <line num="29" count="4" type="cond" truecount="2" falsecount="0"/>
      <line num="30" count="2" type="stmt"/>
      <line num="35" count="1" type="stmt"/>
      <line num="36" count="4" type="stmt"/>
      <line num="37" count="4" type="cond" truecount="4" falsecount="0"/>
      <line num="38" count="2" type="stmt"/>
      <line num="39" count="2" type="stmt"/>
      <line num="43" count="2" type="stmt"/>
      <line num="44" count="2" type="stmt"/>
      <line num="49" count="1" type="stmt"/>
      <line num="50" count="4" type="stmt"/>
      <line num="51" count="4" type="stmt"/>
      <line num="52" count="4" type="cond" truecount="1" falsecount="1"/>
      <line num="53" count="0" type="stmt"/>
      <line num="54" count="4" type="stmt"/>
      <line num="55" count="4" type="cond" truecount="2" falsecount="0"/>
      <line num="56" count="2" type="stmt"/>
      <line num="59" count="2" type="stmt"/>
      <line num="60" count="2" type="cond" truecount="1" falsecount="1"/>
      <line num="61" count="2" type="stmt"/>
      <line num="62" count="2" type="stmt"/>
      <line num="67" count="1" type="stmt"/>
      <line num="68" count="4" type="stmt"/>
      <line num="69" count="6" type="stmt"/>
      <line num="70" count="4" type="cond" truecount="2" falsecount="0"/>
      <line num="71" count="2" type="stmt"/>
      <line num="72" count="2" type="stmt"/>
      <line num="73" count="2" type="stmt"/>
      <line num="77" count="1" type="stmt"/>
      <line num="78" count="2" type="stmt"/>
      <line num="82" count="1" type="stmt"/>
      <line num="85" count="4" type="stmt"/>
      <line num="86" count="6" type="stmt"/>
      <line num="87" count="4" type="cond" truecount="2" falsecount="0"/>
      <line num="88" count="2" type="stmt"/>
      <line num="93" count="1" type="stmt"/>
      <line num="94" count="4" type="stmt"/>
      <line num="95" count="4" type="cond" truecount="1" falsecount="1"/>
      <line num="96" count="0" type="stmt"/>
      <line num="97" count="4" type="stmt"/>
      <line num="98" count="6" type="cond" truecount="2" falsecount="0"/>
      <line num="99" count="4" type="stmt"/>
      <line num="102" count="0" type="stmt"/>
      <line num="107" count="0" type="stmt"/>
      <line num="108" count="0" type="stmt"/>
      <line num="113" count="1" type="stmt"/>
      <line num="114" count="4" type="stmt"/>
      <line num="115" count="4" type="stmt"/>
      <line num="116" count="4" type="cond" truecount="1" falsecount="1"/>
      <line num="117" count="0" type="stmt"/>
      <line num="118" count="4" type="stmt"/>
      <line num="119" count="6" type="cond" truecount="2" falsecount="0"/>
      <line num="120" count="4" type="stmt"/>
      <line num="123" count="0" type="stmt"/>
      <line num="124" count="0" type="cond" truecount="0" falsecount="2"/>
      <line num="125" count="0" type="stmt"/>
      <line num="126" count="0" type="stmt"/>
      <line num="131" count="1" type="stmt"/>
      <line num="132" count="4" type="stmt"/>
      <line num="133" count="6" type="stmt"/>
      <line num="134" count="4" type="cond" truecount="2" falsecount="0"/>
      <line num="135" count="2" type="stmt"/>
      <line num="136" count="2" type="stmt"/>
      <line num="141" count="1" type="stmt"/>
      <line num="142" count="0" type="stmt"/>
      <line num="143" count="0" type="stmt"/>
      <line num="146" count="1" type="stmt"/>
    </file>
  </project>
</coverage>
