{"/Users/kate/Desktop/Turing/Mod32/server-sophia/data.js": {"path":"/Users/kate/Desktop/Turing/Mod32/server-sophia/data.js","statementMap":{"0":{"start":{"line":1,"column":14},"end":{"line":1,"column":102}},"1":{"start":{"line":3,"column":14},"end":{"line":3,"column":429}},"2":{"start":{"line":5,"column":0},"end":{"line":5,"column":32}}},"fnMap":{},"branchMap":{},"s":{"0":1,"1":1,"2":1},"f":{},"b":{},"_coverageSchema":"43e27e138ebf9cfc5966b082cf9a028302ed4184","hash":"02235896d846b0a1fb58ea0856489cae9953d9c5"}
,"/Users/kate/Desktop/Turing/Mod32/server-sophia/server.js": {"path":"/Users/kate/Desktop/Turing/Mod32/server-sophia/server.js","statementMap":{"0":{"start":{"line":1,"column":23},"end":{"line":1,"column":40}},"1":{"start":{"line":2,"column":16},"end":{"line":2,"column":34}},"2":{"start":{"line":3,"column":13},"end":{"line":3,"column":28}},"3":{"start":{"line":4,"column":15},"end":{"line":4,"column":24}},"4":{"start":{"line":5,"column":13},"end":{"line":5,"column":17}},"5":{"start":{"line":7,"column":0},"end":{"line":7,"column":19}},"6":{"start":{"line":8,"column":0},"end":{"line":8,"column":27}},"7":{"start":{"line":9,"column":0},"end":{"line":9,"column":37}},"8":{"start":{"line":10,"column":0},"end":{"line":10,"column":75}},"9":{"start":{"line":10,"column":26},"end":{"line":10,"column":74}},"10":{"start":{"line":11,"column":0},"end":{"line":14,"column":2}},"11":{"start":{"line":19,"column":0},"end":{"line":21,"column":3}},"12":{"start":{"line":20,"column":2},"end":{"line":20,"column":44}},"13":{"start":{"line":24,"column":0},"end":{"line":31,"column":3}},"14":{"start":{"line":27,"column":6},"end":{"line":27,"column":16}},"15":{"start":{"line":28,"column":15},"end":{"line":28,"column":62}},"16":{"start":{"line":28,"column":48},"end":{"line":28,"column":61}},"17":{"start":{"line":29,"column":2},"end":{"line":29,"column":59}},"18":{"start":{"line":29,"column":13},"end":{"line":29,"column":59}},"19":{"start":{"line":30,"column":2},"end":{"line":30,"column":36}},"20":{"start":{"line":35,"column":0},"end":{"line":45,"column":3}},"21":{"start":{"line":36,"column":19},"end":{"line":36,"column":27}},"22":{"start":{"line":37,"column":2},"end":{"line":38,"column":63}},"23":{"start":{"line":38,"column":4},"end":{"line":38,"column":63}},"24":{"start":{"line":39,"column":18},"end":{"line":42,"column":3}},"25":{"start":{"line":43,"column":2},"end":{"line":43,"column":36}},"26":{"start":{"line":44,"column":2},"end":{"line":44,"column":32}},"27":{"start":{"line":49,"column":0},"end":{"line":63,"column":3}},"28":{"start":{"line":50,"column":13},"end":{"line":50,"column":36}},"29":{"start":{"line":51,"column":15},"end":{"line":51,"column":23}},"30":{"start":{"line":52,"column":2},"end":{"line":53,"column":63}},"31":{"start":{"line":53,"column":4},"end":{"line":53,"column":63}},"32":{"start":{"line":54,"column":2},"end":{"line":58,"column":3}},"33":{"start":{"line":55,"column":4},"end":{"line":57,"column":5}},"34":{"start":{"line":56,"column":6},"end":{"line":56,"column":33}},"35":{"start":{"line":59,"column":20},"end":{"line":59,"column":67}},"36":{"start":{"line":59,"column":55},"end":{"line":59,"column":66}},"37":{"start":{"line":60,"column":2},"end":{"line":60,"column":70}},"38":{"start":{"line":60,"column":24},"end":{"line":60,"column":70}},"39":{"start":{"line":61,"column":2},"end":{"line":61,"column":49}},"40":{"start":{"line":62,"column":2},"end":{"line":62,"column":29}},"41":{"start":{"line":67,"column":0},"end":{"line":74,"column":3}},"42":{"start":{"line":68,"column":13},"end":{"line":68,"column":36}},"43":{"start":{"line":69,"column":20},"end":{"line":69,"column":73}},"44":{"start":{"line":69,"column":58},"end":{"line":69,"column":72}},"45":{"start":{"line":70,"column":2},"end":{"line":70,"column":75}},"46":{"start":{"line":70,"column":24},"end":{"line":70,"column":75}},"47":{"start":{"line":71,"column":2},"end":{"line":71,"column":43}},"48":{"start":{"line":72,"column":2},"end":{"line":72,"column":42}},"49":{"start":{"line":73,"column":2},"end":{"line":73,"column":29}},"50":{"start":{"line":77,"column":0},"end":{"line":79,"column":3}},"51":{"start":{"line":78,"column":2},"end":{"line":78,"column":44}},"52":{"start":{"line":82,"column":0},"end":{"line":89,"column":3}},"53":{"start":{"line":85,"column":6},"end":{"line":85,"column":16}},"54":{"start":{"line":86,"column":15},"end":{"line":86,"column":62}},"55":{"start":{"line":86,"column":48},"end":{"line":86,"column":61}},"56":{"start":{"line":87,"column":2},"end":{"line":87,"column":59}},"57":{"start":{"line":87,"column":13},"end":{"line":87,"column":59}},"58":{"start":{"line":88,"column":2},"end":{"line":88,"column":36}},"59":{"start":{"line":93,"column":0},"end":{"line":109,"column":3}},"60":{"start":{"line":94,"column":19},"end":{"line":94,"column":27}},"61":{"start":{"line":95,"column":2},"end":{"line":96,"column":63}},"62":{"start":{"line":96,"column":4},"end":{"line":96,"column":63}},"63":{"start":{"line":97,"column":2},"end":{"line":101,"column":3}},"64":{"start":{"line":98,"column":4},"end":{"line":100,"column":5}},"65":{"start":{"line":99,"column":6},"end":{"line":99,"column":33}},"66":{"start":{"line":102,"column":18},"end":{"line":106,"column":3}},"67":{"start":{"line":107,"column":2},"end":{"line":107,"column":36}},"68":{"start":{"line":108,"column":2},"end":{"line":108,"column":32}},"69":{"start":{"line":113,"column":0},"end":{"line":127,"column":3}},"70":{"start":{"line":114,"column":13},"end":{"line":114,"column":36}},"71":{"start":{"line":115,"column":15},"end":{"line":115,"column":23}},"72":{"start":{"line":116,"column":2},"end":{"line":117,"column":63}},"73":{"start":{"line":117,"column":4},"end":{"line":117,"column":63}},"74":{"start":{"line":118,"column":2},"end":{"line":122,"column":3}},"75":{"start":{"line":119,"column":4},"end":{"line":121,"column":5}},"76":{"start":{"line":120,"column":6},"end":{"line":120,"column":33}},"77":{"start":{"line":123,"column":20},"end":{"line":123,"column":67}},"78":{"start":{"line":123,"column":55},"end":{"line":123,"column":66}},"79":{"start":{"line":124,"column":2},"end":{"line":124,"column":70}},"80":{"start":{"line":124,"column":24},"end":{"line":124,"column":70}},"81":{"start":{"line":125,"column":2},"end":{"line":125,"column":49}},"82":{"start":{"line":126,"column":2},"end":{"line":126,"column":29}},"83":{"start":{"line":131,"column":0},"end":{"line":137,"column":3}},"84":{"start":{"line":132,"column":13},"end":{"line":132,"column":36}},"85":{"start":{"line":133,"column":20},"end":{"line":133,"column":73}},"86":{"start":{"line":133,"column":58},"end":{"line":133,"column":72}},"87":{"start":{"line":134,"column":2},"end":{"line":134,"column":75}},"88":{"start":{"line":134,"column":24},"end":{"line":134,"column":75}},"89":{"start":{"line":135,"column":2},"end":{"line":135,"column":43}},"90":{"start":{"line":136,"column":2},"end":{"line":136,"column":29}},"91":{"start":{"line":141,"column":0},"end":{"line":144,"column":3}},"92":{"start":{"line":142,"column":2},"end":{"line":142,"column":49}},"93":{"start":{"line":143,"column":2},"end":{"line":143,"column":8}},"94":{"start":{"line":146,"column":0},"end":{"line":146,"column":23}}},"fnMap":{"0":{"name":"(anonymous_0)","decl":{"start":{"line":10,"column":20},"end":{"line":10,"column":21}},"loc":{"start":{"line":10,"column":26},"end":{"line":10,"column":74}},"line":10},"1":{"name":"(anonymous_1)","decl":{"start":{"line":19,"column":28},"end":{"line":19,"column":29}},"loc":{"start":{"line":19,"column":42},"end":{"line":21,"column":1}},"line":19},"2":{"name":"(anonymous_2)","decl":{"start":{"line":24,"column":32},"end":{"line":24,"column":33}},"loc":{"start":{"line":24,"column":46},"end":{"line":31,"column":1}},"line":24},"3":{"name":"(anonymous_3)","decl":{"start":{"line":28,"column":40},"end":{"line":28,"column":41}},"loc":{"start":{"line":28,"column":48},"end":{"line":28,"column":61}},"line":28},"4":{"name":"(anonymous_4)","decl":{"start":{"line":35,"column":29},"end":{"line":35,"column":30}},"loc":{"start":{"line":35,"column":43},"end":{"line":45,"column":1}},"line":35},"5":{"name":"(anonymous_5)","decl":{"start":{"line":49,"column":32},"end":{"line":49,"column":33}},"loc":{"start":{"line":49,"column":46},"end":{"line":63,"column":1}},"line":49},"6":{"name":"(anonymous_6)","decl":{"start":{"line":59,"column":50},"end":{"line":59,"column":51}},"loc":{"start":{"line":59,"column":55},"end":{"line":59,"column":66}},"line":59},"7":{"name":"(anonymous_7)","decl":{"start":{"line":67,"column":35},"end":{"line":67,"column":36}},"loc":{"start":{"line":67,"column":49},"end":{"line":74,"column":1}},"line":67},"8":{"name":"(anonymous_8)","decl":{"start":{"line":69,"column":50},"end":{"line":69,"column":51}},"loc":{"start":{"line":69,"column":58},"end":{"line":69,"column":72}},"line":69},"9":{"name":"(anonymous_9)","decl":{"start":{"line":77,"column":28},"end":{"line":77,"column":29}},"loc":{"start":{"line":77,"column":42},"end":{"line":79,"column":1}},"line":77},"10":{"name":"(anonymous_10)","decl":{"start":{"line":82,"column":32},"end":{"line":82,"column":33}},"loc":{"start":{"line":82,"column":46},"end":{"line":89,"column":1}},"line":82},"11":{"name":"(anonymous_11)","decl":{"start":{"line":86,"column":40},"end":{"line":86,"column":41}},"loc":{"start":{"line":86,"column":48},"end":{"line":86,"column":61}},"line":86},"12":{"name":"(anonymous_12)","decl":{"start":{"line":93,"column":29},"end":{"line":93,"column":30}},"loc":{"start":{"line":93,"column":43},"end":{"line":109,"column":1}},"line":93},"13":{"name":"(anonymous_13)","decl":{"start":{"line":113,"column":32},"end":{"line":113,"column":33}},"loc":{"start":{"line":113,"column":46},"end":{"line":127,"column":1}},"line":113},"14":{"name":"(anonymous_14)","decl":{"start":{"line":123,"column":50},"end":{"line":123,"column":51}},"loc":{"start":{"line":123,"column":55},"end":{"line":123,"column":66}},"line":123},"15":{"name":"(anonymous_15)","decl":{"start":{"line":131,"column":35},"end":{"line":131,"column":36}},"loc":{"start":{"line":131,"column":49},"end":{"line":137,"column":1}},"line":131},"16":{"name":"(anonymous_16)","decl":{"start":{"line":133,"column":50},"end":{"line":133,"column":51}},"loc":{"start":{"line":133,"column":58},"end":{"line":133,"column":72}},"line":133},"17":{"name":"(anonymous_17)","decl":{"start":{"line":141,"column":11},"end":{"line":141,"column":12}},"loc":{"start":{"line":141,"column":37},"end":{"line":144,"column":1}},"line":141}},"branchMap":{"0":{"loc":{"start":{"line":29,"column":2},"end":{"line":29,"column":59}},"type":"if","locations":[{"start":{"line":29,"column":2},"end":{"line":29,"column":59}},{"start":{"line":29,"column":2},"end":{"line":29,"column":59}}],"line":29},"1":{"loc":{"start":{"line":37,"column":2},"end":{"line":38,"column":63}},"type":"if","locations":[{"start":{"line":37,"column":2},"end":{"line":38,"column":63}},{"start":{"line":37,"column":2},"end":{"line":38,"column":63}}],"line":37},"2":{"loc":{"start":{"line":37,"column":6},"end":{"line":37,"column":37}},"type":"binary-expr","locations":[{"start":{"line":37,"column":6},"end":{"line":37,"column":15}},{"start":{"line":37,"column":19},"end":{"line":37,"column":37}}],"line":37},"3":{"loc":{"start":{"line":52,"column":2},"end":{"line":53,"column":63}},"type":"if","locations":[{"start":{"line":52,"column":2},"end":{"line":53,"column":63}},{"start":{"line":52,"column":2},"end":{"line":53,"column":63}}],"line":52},"4":{"loc":{"start":{"line":55,"column":4},"end":{"line":57,"column":5}},"type":"if","locations":[{"start":{"line":55,"column":4},"end":{"line":57,"column":5}},{"start":{"line":55,"column":4},"end":{"line":57,"column":5}}],"line":55},"5":{"loc":{"start":{"line":60,"column":2},"end":{"line":60,"column":70}},"type":"if","locations":[{"start":{"line":60,"column":2},"end":{"line":60,"column":70}},{"start":{"line":60,"column":2},"end":{"line":60,"column":70}}],"line":60},"6":{"loc":{"start":{"line":70,"column":2},"end":{"line":70,"column":75}},"type":"if","locations":[{"start":{"line":70,"column":2},"end":{"line":70,"column":75}},{"start":{"line":70,"column":2},"end":{"line":70,"column":75}}],"line":70},"7":{"loc":{"start":{"line":87,"column":2},"end":{"line":87,"column":59}},"type":"if","locations":[{"start":{"line":87,"column":2},"end":{"line":87,"column":59}},{"start":{"line":87,"column":2},"end":{"line":87,"column":59}}],"line":87},"8":{"loc":{"start":{"line":95,"column":2},"end":{"line":96,"column":63}},"type":"if","locations":[{"start":{"line":95,"column":2},"end":{"line":96,"column":63}},{"start":{"line":95,"column":2},"end":{"line":96,"column":63}}],"line":95},"9":{"loc":{"start":{"line":98,"column":4},"end":{"line":100,"column":5}},"type":"if","locations":[{"start":{"line":98,"column":4},"end":{"line":100,"column":5}},{"start":{"line":98,"column":4},"end":{"line":100,"column":5}}],"line":98},"10":{"loc":{"start":{"line":116,"column":2},"end":{"line":117,"column":63}},"type":"if","locations":[{"start":{"line":116,"column":2},"end":{"line":117,"column":63}},{"start":{"line":116,"column":2},"end":{"line":117,"column":63}}],"line":116},"11":{"loc":{"start":{"line":119,"column":4},"end":{"line":121,"column":5}},"type":"if","locations":[{"start":{"line":119,"column":4},"end":{"line":121,"column":5}},{"start":{"line":119,"column":4},"end":{"line":121,"column":5}}],"line":119},"12":{"loc":{"start":{"line":124,"column":2},"end":{"line":124,"column":70}},"type":"if","locations":[{"start":{"line":124,"column":2},"end":{"line":124,"column":70}},{"start":{"line":124,"column":2},"end":{"line":124,"column":70}}],"line":124},"13":{"loc":{"start":{"line":134,"column":2},"end":{"line":134,"column":75}},"type":"if","locations":[{"start":{"line":134,"column":2},"end":{"line":134,"column":75}},{"start":{"line":134,"column":2},"end":{"line":134,"column":75}}],"line":134}},"s":{"0":1,"1":1,"2":1,"3":1,"4":1,"5":1,"6":1,"7":1,"8":1,"9":1,"10":1,"11":1,"12":2,"13":1,"14":4,"15":4,"16":6,"17":4,"18":2,"19":2,"20":1,"21":4,"22":4,"23":2,"24":2,"25":2,"26":2,"27":1,"28":4,"29":4,"30":4,"31":0,"32":4,"33":4,"34":2,"35":2,"36":2,"37":2,"38":0,"39":2,"40":2,"41":1,"42":4,"43":4,"44":6,"45":4,"46":2,"47":2,"48":2,"49":2,"50":1,"51":2,"52":1,"53":4,"54":4,"55":6,"56":4,"57":2,"58":2,"59":1,"60":4,"61":4,"62":0,"63":4,"64":6,"65":4,"66":0,"67":0,"68":0,"69":1,"70":4,"71":4,"72":4,"73":0,"74":4,"75":6,"76":4,"77":0,"78":0,"79":0,"80":0,"81":0,"82":0,"83":1,"84":4,"85":4,"86":6,"87":4,"88":2,"89":2,"90":2,"91":1,"92":0,"93":0,"94":1},"f":{"0":1,"1":2,"2":4,"3":6,"4":4,"5":4,"6":2,"7":4,"8":6,"9":2,"10":4,"11":6,"12":4,"13":4,"14":0,"15":4,"16":6,"17":0},"b":{"0":[2,2],"1":[2,2],"2":[4,4],"3":[0,4],"4":[2,2],"5":[0,2],"6":[2,2],"7":[2,2],"8":[0,4],"9":[4,2],"10":[0,4],"11":[4,2],"12":[0,0],"13":[2,2]},"_coverageSchema":"43e27e138ebf9cfc5966b082cf9a028302ed4184","hash":"47dee5485a0385184efaad3b2dd48aa883f22040"}
}
