TN:
SF:/Users/kate/Desktop/Turing/Mod32/server-sophia/data.js
FNF:0
FNH:0
DA:1,1
DA:3,1
DA:5,1
LF:3
LH:3
BRF:0
BRH:0
end_of_record
TN:
SF:/Users/kate/Desktop/Turing/Mod32/server-sophia/server.js
FN:10,(anonymous_0)
FN:19,(anonymous_1)
FN:24,(anonymous_2)
FN:28,(anonymous_3)
FN:35,(anonymous_4)
FN:49,(anonymous_5)
FN:59,(anonymous_6)
FN:67,(anonymous_7)
FN:69,(anonymous_8)
FN:77,(anonymous_9)
FN:82,(anonymous_10)
FN:86,(anonymous_11)
FN:93,(anonymous_12)
FN:113,(anonymous_13)
FN:123,(anonymous_14)
FN:131,(anonymous_15)
FN:133,(anonymous_16)
FN:141,(anonymous_17)
FNF:18
FNH:16
FNDA:1,(anonymous_0)
FNDA:2,(anonymous_1)
FNDA:4,(anonymous_2)
FNDA:6,(anonymous_3)
FNDA:4,(anonymous_4)
FNDA:4,(anonymous_5)
FNDA:2,(anonymous_6)
FNDA:4,(anonymous_7)
FNDA:6,(anonymous_8)
FNDA:2,(anonymous_9)
FNDA:4,(anonymous_10)
FNDA:6,(anonymous_11)
FNDA:4,(anonymous_12)
FNDA:4,(anonymous_13)
FNDA:0,(anonymous_14)
FNDA:4,(anonymous_15)
FNDA:6,(anonymous_16)
FNDA:0,(anonymous_17)
DA:1,1
DA:2,1
DA:3,1
DA:4,1
DA:5,1
DA:7,1
DA:8,1
DA:9,1
DA:10,1
DA:11,1
DA:19,1
DA:20,2
DA:24,1
DA:27,4
DA:28,6
DA:29,4
DA:30,2
DA:35,1
DA:36,4
DA:37,4
DA:38,2
DA:39,2
DA:43,2
DA:44,2
DA:49,1
DA:50,4
DA:51,4
DA:52,4
DA:53,0
DA:54,4
DA:55,4
DA:56,2
DA:59,2
DA:60,2
DA:61,2
DA:62,2
DA:67,1
DA:68,4
DA:69,6
DA:70,4
DA:71,2
DA:72,2
DA:73,2
DA:77,1
DA:78,2
DA:82,1
DA:85,4
DA:86,6
DA:87,4
DA:88,2
DA:93,1
DA:94,4
DA:95,4
DA:96,0
DA:97,4
DA:98,6
DA:99,4
DA:102,0
DA:107,0
DA:108,0
DA:113,1
DA:114,4
DA:115,4
DA:116,4
DA:117,0
DA:118,4
DA:119,6
DA:120,4
DA:123,0
DA:124,0
DA:125,0
DA:126,0
DA:131,1
DA:132,4
DA:133,6
DA:134,4
DA:135,2
DA:136,2
DA:141,1
DA:142,0
DA:143,0
DA:146,1
LF:82
LH:70
BRDA:29,0,0,2
BRDA:29,0,1,2
BRDA:37,1,0,2
BRDA:37,1,1,2
BRDA:37,2,0,4
BRDA:37,2,1,4
BRDA:52,3,0,0
BRDA:52,3,1,4
BRDA:55,4,0,2
BRDA:55,4,1,2
BRDA:60,5,0,0
BRDA:60,5,1,2
BRDA:70,6,0,2
BRDA:70,6,1,2
BRDA:87,7,0,2
BRDA:87,7,1,2
BRDA:95,8,0,0
BRDA:95,8,1,4
BRDA:98,9,0,4
BRDA:98,9,1,2
BRDA:116,10,0,0
BRDA:116,10,1,4
BRDA:119,11,0,4
BRDA:119,11,1,2
BRDA:124,12,0,0
BRDA:124,12,1,0
BRDA:134,13,0,2
BRDA:134,13,1,2
BRF:28
BRH:22
end_of_record
